# JRE version: OpenJDK Runtime Environment Temurin-21.0.5+11 (21.0.5+11) (build 21.0.5+11-LTS)
# Java VM: OpenJDK 64-Bit Server VM Temurin-21.0.5+11 (21.0.5+11-LTS, mixed mode, emulated-client, sharing, tiered, compressed oops, compressed class ptrs, g1 gc, windows-amd64)
GC Precious Log:
 CardTable entry size: 512
 Card Set container configuration: InlinePtr #cards 4 size 8 Array Of Cards #cards 32 size 80 Howl #buckets 8 coarsen threshold 7372 Howl Bitmap #cards 1024 size 144 coarsen threshold 921 Card regions per heap region 1 cards per card region 8192
 CPUs: 32 total, 32 available
 Memory: 32509M
 Large Page Support: Disabled
 NUMA Support: Disabled
 Compressed Oops: Enabled (Zero based)
 Heap Region Size: 4M
 Heap Min Capacity: 8M
 Heap Initial Capacity: 508M
 Heap Max Capacity: 8128M
 Pre-touch: Disabled
 Parallel Workers: 23
 Concurrent Workers: 6
 Concurrent Refinement Workers: 23
 Periodic GC: Disabled
Heap:
 garbage-first heap   total 69632K, used 54441K [0x0000000604000000, 0x0000000800000000)
  region size 4096K, 10 young (40960K), 1 survivors (4096K)
 Metaspace       used 40090K, committed 40960K, reserved 1114112K
  class space    used 5372K, committed 5760K, reserved 1048576K
GC Heap History (20 events):
Event: 1.002 GC heap after
{Heap after GC invocations=11 (full 0):
 garbage-first heap   total 45056K, used 13130K [0x0000000604000000, 0x0000000800000000)
  region size 4096K, 1 young (4096K), 1 survivors (4096K)
 Metaspace       used 25000K, committed 25408K, reserved 1114112K
  class space    used 3302K, committed 3456K, reserved 1048576K
}
Event: 1.097 GC heap before
{Heap before GC invocations=11 (full 0):
 garbage-first heap   total 45056K, used 29514K [0x0000000604000000, 0x0000000800000000)
  region size 4096K, 6 young (24576K), 1 survivors (4096K)
 Metaspace       used 26014K, committed 26496K, reserved 1114112K
  class space    used 3451K, committed 3648K, reserved 1048576K
}
Event: 1.099 GC heap after
{Heap after GC invocations=12 (full 0):
 garbage-first heap   total 45056K, used 13591K [0x0000000604000000, 0x0000000800000000)
  region size 4096K, 1 young (4096K), 1 survivors (4096K)
 Metaspace       used 26014K, committed 26496K, reserved 1114112K
  class space    used 3451K, committed 3648K, reserved 1048576K
}
Event: 1.200 GC heap before
{Heap before GC invocations=12 (full 0):
 garbage-first heap   total 45056K, used 34071K [0x0000000604000000, 0x0000000800000000)
  region size 4096K, 6 young (24576K), 1 survivors (4096K)
 Metaspace       used 27168K, committed 27584K, reserved 1114112K
  class space    used 3616K, committed 3776K, reserved 1048576K
}
Event: 1.202 GC heap after
{Heap after GC invocations=13 (full 0):
 garbage-first heap   total 282624K, used 14236K [0x0000000604000000, 0x0000000800000000)
  region size 4096K, 1 young (4096K), 1 survivors (4096K)
 Metaspace       used 27168K, committed 27584K, reserved 1114112K
  class space    used 3616K, committed 3776K, reserved 1048576K
}
Event: 1.652 GC heap before
{Heap before GC invocations=13 (full 0):
 garbage-first heap   total 282624K, used 108444K [0x0000000604000000, 0x0000000800000000)
  region size 4096K, 26 young (106496K), 1 survivors (4096K)
 Metaspace       used 37453K, committed 38080K, reserved 1114112K
  class space    used 4998K, committed 5312K, reserved 1048576K
}
Event: 1.654 GC heap after
{Heap after GC invocations=14 (full 0):
 garbage-first heap   total 282624K, used 19496K [0x0000000604000000, 0x0000000800000000)
  region size 4096K, 2 young (8192K), 2 survivors (8192K)
 Metaspace       used 37453K, committed 38080K, reserved 1114112K
  class space    used 4998K, committed 5312K, reserved 1048576K
}
Event: 247.663 GC heap before
{Heap before GC invocations=15 (full 0):
 garbage-first heap   total 69632K, used 68648K [0x0000000604000000, 0x0000000800000000)
  region size 4096K, 14 young (57344K), 2 survivors (8192K)
 Metaspace       used 40054K, committed 40704K, reserved 1114112K
  class space    used 5381K, committed 5632K, reserved 1048576K
}
Event: 247.672 GC heap after
{Heap after GC invocations=16 (full 0):
 garbage-first heap   total 81920K, used 21080K [0x0000000604000000, 0x0000000800000000)
  region size 4096K, 3 young (12288K), 3 survivors (12288K)
 Metaspace       used 40054K, committed 40704K, reserved 1114112K
  class space    used 5381K, committed 5632K, reserved 1048576K
}
Event: 362.374 GC heap before
{Heap before GC invocations=16 (full 0):
 garbage-first heap   total 81920K, used 29272K [0x0000000604000000, 0x0000000800000000)
  region size 4096K, 6 young (24576K), 3 survivors (12288K)
 Metaspace       used 40203K, committed 40960K, reserved 1114112K
  class space    used 5408K, committed 5760K, reserved 1048576K
}
Event: 362.393 GC heap after
{Heap after GC invocations=17 (full 1):
 garbage-first heap   total 69632K, used 14745K [0x0000000604000000, 0x0000000800000000)
  region size 4096K, 0 young (0K), 0 survivors (0K)
 Metaspace       used 39881K, committed 40960K, reserved 1114112K
  class space    used 5326K, committed 5760K, reserved 1048576K
}
Event: 362.791 GC heap before
{Heap before GC invocations=17 (full 1):
 garbage-first heap   total 69632K, used 51609K [0x0000000604000000, 0x0000000800000000)
  region size 4096K, 10 young (40960K), 0 survivors (0K)
 Metaspace       used 40068K, committed 40960K, reserved 1114112K
  class space    used 5371K, committed 5760K, reserved 1048576K
}
Event: 362.792 GC heap after
{Heap after GC invocations=18 (full 1):
 garbage-first heap   total 69632K, used 20075K [0x0000000604000000, 0x0000000800000000)
  region size 4096K, 2 young (8192K), 2 survivors (8192K)
 Metaspace       used 40068K, committed 40960K, reserved 1114112K
  class space    used 5371K, committed 5760K, reserved 1048576K
}
Event: 377.476 GC heap before
{Heap before GC invocations=18 (full 1):
 garbage-first heap   total 69632K, used 28267K [0x0000000604000000, 0x0000000800000000)
  region size 4096K, 5 young (20480K), 2 survivors (8192K)
 Metaspace       used 40115K, committed 40960K, reserved 1114112K
  class space    used 5383K, committed 5760K, reserved 1048576K
}
Event: 377.508 GC heap after
{Heap after GC invocations=19 (full 2):
 garbage-first heap   total 69632K, used 17464K [0x0000000604000000, 0x0000000800000000)
  region size 4096K, 0 young (0K), 0 survivors (0K)
 Metaspace       used 40005K, committed 40960K, reserved 1114112K
  class space    used 5356K, committed 5760K, reserved 1048576K
}
Event: 377.680 GC heap before
{Heap before GC invocations=19 (full 2):
 garbage-first heap   total 69632K, used 54328K [0x0000000604000000, 0x0000000800000000)
  region size 4096K, 9 young (36864K), 0 survivors (0K)
 Metaspace       used 40041K, committed 40960K, reserved 1114112K
  class space    used 5362K, committed 5760K, reserved 1048576K
}
Event: 377.682 GC heap after
{Heap after GC invocations=20 (full 2):
 garbage-first heap   total 69632K, used 21087K [0x0000000604000000, 0x0000000800000000)
  region size 4096K, 1 young (4096K), 1 survivors (4096K)
 Metaspace       used 40041K, committed 40960K, reserved 1114112K
  class space    used 5362K, committed 5760K, reserved 1048576K
}
Event: 399.436 GC heap before
{Heap before GC invocations=20 (full 2):
 garbage-first heap   total 69632K, used 29279K [0x0000000604000000, 0x0000000800000000)
  region size 4096K, 4 young (16384K), 1 survivors (4096K)
 Metaspace       used 40048K, committed 40960K, reserved 1114112K
  class space    used 5364K, committed 5760K, reserved 1048576K
}
Event: 399.468 GC heap after
{Heap after GC invocations=21 (full 3):
 garbage-first heap   total 69632K, used 17577K [0x0000000604000000, 0x0000000800000000)
  region size 4096K, 0 young (0K), 0 survivors (0K)
 Metaspace       used 40046K, committed 40960K, reserved 1114112K
  class space    used 5363K, committed 5760K, reserved 1048576K
}
Event: 420.627 GC heap before
{Heap before GC invocations=21 (full 3):
 garbage-first heap   total 69632K, used 50345K [0x0000000604000000, 0x0000000800000000)
  region size 4096K, 9 young (36864K), 0 survivors (0K)
 Metaspace       used 40090K, committed 40960K, reserved 1114112K
  class space    used 5372K, committed 5760K, reserved 1048576K
}

